<?xml version="1.0" encoding="UTF-8"?>
<!-- Generated by org.testng.reporters.JUnitReportReporter -->
<testsuite name="Basic.CalculatorTest" tests="2" time="55.534" ignored="0" failures="0" timestamp="01 Jun 2020 11:34:25 GMT" skipped="0" hostname="summi-ideapad" errors="0">
  <testcase name="tc" time="27.572" classname="Basic.CalculatorTest"/>
  <testcase name="calc" time="27.962" classname="Basic.CalculatorTest"/>
</testsuite> <!-- Basic.CalculatorTest -->
