<?xml version="1.0" encoding="UTF-8"?>
<!-- Generated by org.testng.reporters.JUnitReportReporter -->
<testsuite name="Basic.DialANum" tests="1" time="40.031" ignored="0" failures="0" timestamp="02 Jun 2020 09:46:06 GMT" skipped="0" hostname="summi-ideapad" errors="0">
  <testcase name="tc" time="40.031" classname="Basic.DialANum"/>
</testsuite> <!-- Basic.DialANum -->
