<?xml version="1.0" encoding="UTF-8"?>
<!-- Generated by org.testng.reporters.JUnitReportReporter -->
<testsuite name="Basic.NotificationBar" tests="1" time="24.452" ignored="0" failures="0" timestamp="03 Jun 2020 10:54:29 GMT" skipped="0" hostname="summi-ideapad" errors="0">
  <testcase name="test" time="24.452" classname="Basic.NotificationBar"/>
</testsuite> <!-- Basic.NotificationBar -->
