<?xml version="1.0" encoding="UTF-8"?>
<!-- Generated by org.testng.reporters.JUnitReportReporter -->
<testsuite name="tests.TestCases" tests="2" time="5.258" ignored="0" failures="0" timestamp="29 May 2020 10:37:44 GMT" skipped="0" hostname="summi-ideapad" errors="0">
  <testcase name="tc2" time="1.960" classname="tests.TestCases"/>
  <testcase name="tc1" time="3.298" classname="tests.TestCases"/>
</testsuite> <!-- tests.TestCases -->
