<?xml version="1.0" encoding="UTF-8"?>
<!-- Generated by org.testng.reporters.JUnitReportReporter -->
<testsuite name="Basic.InstallApk" tests="1" time="0.005" ignored="0" failures="0" timestamp="29 May 2020 11:26:49 GMT" skipped="0" hostname="summi-ideapad" errors="0">
  <testcase name="tc1" time="0.005" classname="Basic.InstallApk"/>
</testsuite> <!-- Basic.InstallApk -->
