<?xml version="1.0" encoding="UTF-8"?>
<!-- Generated by org.testng.reporters.JUnitReportReporter -->
<testsuite name="Basic.openbrowser" tests="1" time="9.137" ignored="1" failures="0" timestamp="25 May 2020 09:32:54 GMT" skipped="0" hostname="summi-ideapad" errors="0">
  <testcase name="first" time="9.137" classname="Basic.openbrowser"/>
  <testcase name="tc" classname="Basic.openbrowser">
    <skipped/>
  </testcase> <!-- tc -->
</testsuite> <!-- Basic.openbrowser -->
