<?xml version="1.0" encoding="UTF-8"?>
<!-- Generated by org.testng.reporters.JUnitReportReporter -->
<testsuite name="tests.BaseClass" tests="1" time="0.006" ignored="0" failures="0" timestamp="25 May 2020 11:23:24 GMT" skipped="0" hostname="summi-ideapad" errors="0">
  <testcase name="sampletest" time="0.006" classname="tests.BaseClass"/>
</testsuite> <!-- tests.BaseClass -->
