<?xml version="1.0" encoding="UTF-8"?>
<!-- Generated by org.testng.reporters.JUnitReportReporter -->
<testsuite name="Basic.First" tests="1" time="11.349" ignored="0" failures="0" timestamp="23 May 2020 09:05:03 GMT" skipped="0" hostname="summi-ideapad" errors="0">
  <testcase name="first" time="11.349" classname="Basic.First"/>
</testsuite> <!-- Basic.First -->
