<?xml version="1.0" encoding="UTF-8"?>
<!-- Generated by org.testng.reporters.JUnitReportReporter -->
<testsuite name="Basic.DragNDrop" tests="1" time="47.360" ignored="0" failures="0" timestamp="03 Jun 2020 10:18:43 GMT" skipped="0" hostname="summi-ideapad" errors="0">
  <testcase name="test" time="47.360" classname="Basic.DragNDrop"/>
</testsuite> <!-- Basic.DragNDrop -->
